<?xml version="1.0" encoding="UTF-8"?>
<testng-results ignored="0" total="1" passed="1" failed="0" skipped="0">
  <reporter-output>
  </reporter-output>
  <suite started-at="2024-05-22T12:01:07 IST" name="Default suite" finished-at="2024-05-22T12:01:46 IST" duration-ms="38980">
    <groups>
    </groups>
    <test started-at="2024-05-22T12:01:07 IST" name="Default test" finished-at="2024-05-22T12:01:46 IST" duration-ms="38980">
      <class name="com.HomeFleets.TestScripts.PropertyListTest">
        <test-method is-config="true" signature="Setup()[pri:0, instance:com.HomeFleets.TestScripts.PropertyListTest@a9cd3b1]" started-at="2024-05-22T12:01:07 IST" name="Setup" finished-at="2024-05-22T12:01:16 IST" duration-ms="9223" status="PASS">
          <reporter-output>
          </reporter-output>
        </test-method> <!-- Setup -->
        <test-method signature="VerifyTheFunctionalityOfPropertys()[pri:0, instance:com.HomeFleets.TestScripts.PropertyListTest@a9cd3b1]" started-at="2024-05-22T12:01:16 IST" name="VerifyTheFunctionalityOfPropertys" finished-at="2024-05-22T12:01:46 IST" duration-ms="29646" status="PASS">
          <reporter-output>
          </reporter-output>
        </test-method> <!-- VerifyTheFunctionalityOfPropertys -->
        <test-method is-config="true" signature="closebrowser()[pri:0, instance:com.HomeFleets.TestScripts.PropertyListTest@a9cd3b1]" started-at="2024-05-22T12:01:46 IST" name="closebrowser" finished-at="2024-05-22T12:01:46 IST" duration-ms="1" status="PASS">
          <reporter-output>
          </reporter-output>
        </test-method> <!-- closebrowser -->
      </class> <!-- com.HomeFleets.TestScripts.PropertyListTest -->
    </test> <!-- Default test -->
  </suite> <!-- Default suite -->
</testng-results>
